[20Feb2026 08:40:30.686] [main/INFO] [cpw.mods.modlauncher.Launcher/MODLAUNCHER]: ModLauncher running: args [--launchTarget, forgeclientdev, --version, 21.1.217, --assetIndex, asset-index, --assetsDir, C:\Users\telep\.gradle\caches\minecraft\assets, --gameDir, ., --fml.fmlVersion, 4.0.42, --fml.mcVersion, 1.21.1, --fml.neoForgeVersion, 21.1.217, --fml.neoFormVersion, 20240808.144430]
[20Feb2026 08:40:30.690] [main/INFO] [cpw.mods.modlauncher.Launcher/MODLAUNCHER]: JVM identified as Eclipse Adoptium OpenJDK 64-Bit Server VM 21.0.10+7-LTS
[20Feb2026 08:40:30.693] [main/INFO] [cpw.mods.modlauncher.Launcher/MODLAUNCHER]: ModLauncher 11.0.5+main.901c6ea8 starting: java version 21.0.10 by Eclipse Adoptium; OS Windows 11 arch amd64 version 10.0
[20Feb2026 08:40:30.824] [main/INFO] [net.neoforged.fml.loading.ImmediateWindowHandler/]: Loading ImmediateWindowProvider fmlearlywindow
[20Feb2026 08:40:30.966] [main/INFO] [EARLYDISPLAY/]: Trying GL version 4.6
[20Feb2026 08:40:31.603] [main/INFO] [EARLYDISPLAY/]: Requested GL version 4.6 got version 4.6
[20Feb2026 08:40:31.875] [main/INFO] [mixin/]: SpongePowered MIXIN Subsystem Version=0.8.7 Source=union:/C:/Users/telep/.gradle/caches/modules-2/files-2.1/net.fabricmc/sponge-mixin/0.15.2+mixin.0.8.7/2af2f021d8e02a0220dc27a7a72b4666d66d44ca/sponge-mixin-0.15.2+mixin.0.8.7.jar%23142!/ Service=ModLauncher Env=CLIENT
[20Feb2026 08:40:31.917] [pool-2-thread-1/INFO] [EARLYDISPLAY/]: GL info: Intel(R) UHD Graphics 730 GL version 4.6.0 - Build 32.0.101.7026, Intel
[20Feb2026 08:40:32.097] [main/INFO] [net.neoforged.fml.loading.moddiscovery.ModDiscoverer/SCAN]: Found mod file "neoforge-21.1.217.jar" [locator: neoforge devenv provider ([D:\MinecraftModding\rpgem-alchemy-plus\.gradle\repositories\ng_dummy_ng\net\neoforged\neoforge\21.1.217\neoforge-21.1.217.jar])]
[20Feb2026 08:40:32.158] [main/INFO] [net.neoforged.fml.loading.moddiscovery.ModDiscoverer/SCAN]: Found mod file "neoforge-21.1.217.jar" [locator: neoforge devenv provider ([D:\MinecraftModding\rpgem-alchemy-plus\.gradle\repositories\ng_dummy_ng\net\neoforged\neoforge\21.1.217\neoforge-21.1.217.jar])]
[20Feb2026 08:40:32.179] [main/INFO] [net.neoforged.fml.loading.moddiscovery.ModDiscoverer/SCAN]: Found mod file "main" [locator: userdev mods and services, reader: mod manifest]
[20Feb2026 08:40:32.197] [main/INFO] [net.neoforged.fml.loading.moddiscovery.ModDiscoverer/SCAN]: Found mod file "neoforge-21.1.217.jar" [locator: userdev mods and services, reader: mod manifest]
[20Feb2026 08:40:32.203] [main/INFO] [net.neoforged.fml.loading.moddiscovery.ModDiscoverer/SCAN]: Found mod file "rpgem_forging-1.0.0.jar" [locator: userdev mods and services, reader: mod manifest]
[20Feb2026 08:40:32.210] [main/INFO] [net.neoforged.fml.loading.moddiscovery.ModDiscoverer/SCAN]: Found mod file "rpgem-fairy-plus-1.0.0.jar" [locator: userdev mods and services, reader: mod manifest]
[20Feb2026 08:40:32.215] [main/INFO] [net.neoforged.fml.loading.moddiscovery.ModDiscoverer/SCAN]: Found mod file "rpgem_core-1.0.0.jar" [locator: userdev mods and services, reader: mod manifest]
[20Feb2026 08:40:32.221] [main/INFO] [net.neoforged.fml.loading.moddiscovery.ModDiscoverer/SCAN]: Found mod file "geckolib-neoforge-1.21.1-4.7.jar" [locator: userdev mods and services, reader: mod manifest]
[20Feb2026 08:40:32.232] [main/INFO] [net.neoforged.fml.loading.moddiscovery.ModDiscoverer/SCAN]: Found mod file "jei-1.21.1-neoforge-19.21.0.247.jar" [locator: userdev mods and services, reader: mod manifest]
[20Feb2026 08:40:32.355] [main/INFO] [net.neoforged.fml.loading.moddiscovery.ModDiscoverer/SCAN]: Found mod file "curios-neoforge-9.4.0+1.21.1.jar" [locator: userdev mods and services, reader: mod manifest]
[20Feb2026 08:40:32.466] [main/INFO] [net.neoforged.fml.loading.moddiscovery.ModDiscoverer/SCAN]: Found gamelibrary file "mixinextras-neoforge-0.5.0.jar" [locator: userdev mods and services, reader: mod manifest]
[20Feb2026 08:40:32.727] [main/WARN] [net.neoforged.jarjar.selection.JarSelector/]: Attempted to select a dependency jar for JarJar which was passed in as source: library:mixinextras.neoforge. Using Mod File: C:\Users\telep\.gradle\caches\modules-2\files-2.1\io.github.llamalad7\mixinextras-neoforge\0.5.0\d734b83ce6542bb70ea31755c1595b88992dbe65\mixinextras-neoforge-0.5.0.jar
[20Feb2026 08:40:32.728] [main/INFO] [net.neoforged.fml.loading.moddiscovery.locators.JarInJarDependencyLocator/]: Found 1 dependencies adding them to mods collection
[20Feb2026 08:40:32.728] [main/INFO] [net.neoforged.fml.loading.moddiscovery.ModDiscoverer/SCAN]: Found library file "net.neoforged.neoforge-coremods-21.1.217.jar" [parent: neoforge-21.1.217.jar, locator: jarinjar, reader: mod manifest]
[20Feb2026 08:40:32.730] [main/INFO] [net.neoforged.fml.loading.moddiscovery.ModDiscoverer/]: 
     Mod List:
		Name Version (Mod Id)

		Curios API 9.4.0+1.21.1 (curios)
		GeckoLib 4 4.7 (geckolib)
		Just Enough Items 19.21.0.247 (jei)
		Minecraft 1.21.1 (minecraft)
		NeoForge 21.1.217 (neoforge)
		RPGEM Alchemy+ 1.0.0 (rpgem_alchemy)
		RPGEM Core 1.0.0 (rpgem_core)
		RPGEM Fairy Plus 1.0.0 (rpgem_fairy)
		RPGEM Forging+ 1.0.0 (rpgem_forging)
[20Feb2026 08:40:33.596] [main/INFO] [mixin/]: Compatibility level set to JAVA_21
[20Feb2026 08:40:33.613] [main/INFO] [cpw.mods.modlauncher.LaunchServiceHandler/MODLAUNCHER]: Launching target 'forgeclientdev' with arguments [--version, 21.1.217, --gameDir, ., --assetsDir, C:\Users\telep\.gradle\caches\minecraft\assets, --assetIndex, asset-index]
[20Feb2026 08:40:33.770] [main/WARN] [mixin/]: Reference map 'curios.refmap.json' for curios.neoforge.mixins.json could not be read. If this is a development environment you can ignore this message
[20Feb2026 08:40:33.771] [main/WARN] [mixin/]: Reference map 'curios.refmap.json' for curios.mixins.json could not be read. If this is a development environment you can ignore this message
[20Feb2026 08:40:33.774] [main/WARN] [mixin/]: Reference map 'geckolib.refmap.json' for geckolib.mixins.json could not be read. If this is a development environment you can ignore this message
[20Feb2026 08:40:36.216] [main/INFO] [MixinExtras|Service/]: Initializing MixinExtras via com.llamalad7.mixinextras.service.MixinExtrasServiceImpl(version=0.5.0).
[20Feb2026 08:40:37.228] [Datafixer Bootstrap/INFO] [com.mojang.datafixers.DataFixerBuilder/]: 229 Datafixer optimizations took 265 milliseconds
[20Feb2026 08:40:43.597] [main/WARN] [net.minecraft.commands.Commands/]: Ambiguity between arguments [teleport, location] and [teleport, destination] with inputs: [0.1 -0.5 .9, 0 0 0]
[20Feb2026 08:40:43.597] [main/WARN] [net.minecraft.commands.Commands/]: Ambiguity between arguments [teleport, location] and [teleport, targets] with inputs: [0.1 -0.5 .9, 0 0 0]
[20Feb2026 08:40:43.602] [main/WARN] [net.minecraft.commands.Commands/]: Ambiguity between arguments [teleport, destination] and [teleport, targets] with inputs: [Player, 0123, @e, dd12be42-52a9-4a91-a8a1-11c01849e498]
[20Feb2026 08:40:43.609] [main/WARN] [net.minecraft.commands.Commands/]: Ambiguity between arguments [teleport, targets] and [teleport, destination] with inputs: [Player, 0123, dd12be42-52a9-4a91-a8a1-11c01849e498]
[20Feb2026 08:40:43.611] [main/WARN] [net.minecraft.commands.Commands/]: Ambiguity between arguments [teleport, targets, location] and [teleport, targets, destination] with inputs: [0.1 -0.5 .9, 0 0 0]
[20Feb2026 08:40:43.750] [Render thread/WARN] [net.minecraft.server.packs.VanillaPackResourcesBuilder/]: Assets URL 'union:/D:/MinecraftModding/rpgem-alchemy-plus/.gradle/repositories/ng_dummy_ng/net/neoforged/neoforge/21.1.217/neoforge-21.1.217.jar%23195!/assets/.mcassetsroot' uses unexpected schema
[20Feb2026 08:40:43.750] [Render thread/WARN] [net.minecraft.server.packs.VanillaPackResourcesBuilder/]: Assets URL 'union:/D:/MinecraftModding/rpgem-alchemy-plus/.gradle/repositories/ng_dummy_ng/net/neoforged/neoforge/21.1.217/neoforge-21.1.217.jar%23195!/data/.mcassetsroot' uses unexpected schema
[20Feb2026 08:40:43.787] [Render thread/INFO] [com.mojang.authlib.yggdrasil.YggdrasilAuthenticationService/]: Environment: Environment[sessionHost=https://sessionserver.mojang.com, servicesHost=https://api.minecraftservices.com, name=PROD]
[20Feb2026 08:40:43.813] [Render thread/INFO] [net.minecraft.client.Minecraft/]: Setting user: Dev
[20Feb2026 08:40:43.969] [Render thread/INFO] [net.minecraft.client.Minecraft/]: Backend library: LWJGL version 3.3.3+5
[20Feb2026 08:40:44.355] [modloading-worker-0/INFO] [net.kankrittapon.rpgem.fairy.RPGEMFairy/]: RPGEM Fairy+ Initializing...
[20Feb2026 08:40:44.355] [modloading-worker-0/INFO] [net.kankrittapon.rpgem.core.RPGEMCore/]: RPGEM Core Initializing...
[20Feb2026 08:40:44.378] [modloading-worker-0/INFO] [net.neoforged.neoforge.common.NeoForgeMod/NEOFORGE-MOD]: NeoForge mod loading, version 21.1.217, for MC 1.21.1
[20Feb2026 08:40:44.401] [modloading-worker-0/INFO] [net.kankrittapon.rpgem.fairy.RPGEMFairy/]: RPGEM Fairy+ Initialized successfully.
[20Feb2026 08:40:44.419] [modloading-worker-0/INFO] [net.kankrittapon.rpgem.core.RPGEMCore/]: RPGEM Core Initialized
[20Feb2026 08:40:44.421] [modloading-worker-0/INFO] [net.kankrittapon.rpgem.forging.RPGEMForging/]: RPGEM Forging+ Initializing...
[20Feb2026 08:40:44.441] [modloading-worker-0/INFO] [net.kankrittapon.rpgem.forging.RPGEMForging/]: RPGEM Forging+ Initialized successfully.
[20Feb2026 08:40:44.445] [modloading-worker-0/INFO] [net.kankrittapon.rpgem.alchemy.RPGEMAlchemy/]: Initializing RPGEM Alchemy+
[20Feb2026 08:40:44.541] [modloading-worker-0/INFO] [mezz.jei.library.load.PluginCaller/]: Sending ConfigManager...
[20Feb2026 08:40:44.547] [modloading-worker-0/INFO] [mezz.jei.library.load.PluginCaller/]: Sending ConfigManager took 2.866 ms
[20Feb2026 08:40:44.878] [modloading-sync-worker/ERROR] [net.minecraft.Util/]: Entity rpgem_fairy:fairy has no attributes
[20Feb2026 08:40:45.495] [Render thread/INFO] [net.neoforged.neoforge.gametest.GameTestHooks/]: Enabled Gametest Namespaces: [rpgem_alchemy]
[20Feb2026 08:40:45.804] [Render thread/INFO] [net.minecraft.server.packs.resources.ReloadableResourceManager/]: Reloading ResourceManager: vanilla, mod_resources, mod/rpgem_core, mod/rpgem_fairy, mod/curios, mod/rpgem_forging, mod/geckolib, mod/neoforge, mod/rpgem_alchemy, mod/jei
[20Feb2026 08:40:46.075] [Worker-Main-5/INFO] [net.minecraft.client.gui.font.providers.UnihexProvider/]: Found unifont_all_no_pua-15.1.05.hex, loading
[20Feb2026 08:40:46.389] [Worker-Main-4/INFO] [net.minecraft.client.gui.font.providers.UnihexProvider/]: Found unifont_jp_patch-15.1.05.hex, loading
[20Feb2026 08:40:47.006] [Worker-Main-6/WARN] [net.minecraft.client.resources.model.BlockStateModelLoader/]: Exception loading blockstate definition: 'rpgem_alchemy:blockstates/tome_of_forgotten_table.json' missing model for variant: 'rpgem_alchemy:tome_of_forgotten_table#'
[20Feb2026 08:40:47.011] [Worker-Main-6/WARN] [net.minecraft.client.resources.model.ModelBakery/]: Unable to load model: 'rpgem_alchemy:item/piece_of_cosmic_emerald' referenced from: rpgem_alchemy:item/piece_of_cosmic_emerald: java.io.FileNotFoundException: rpgem_alchemy:models/item/piece_of_cosmic_emerald.json
[20Feb2026 08:40:47.015] [Worker-Main-6/WARN] [net.minecraft.client.resources.model.ModelBakery/]: Unable to load model: 'rpgem_alchemy:item/bone_of_maze' referenced from: rpgem_alchemy:item/bone_of_maze: java.io.FileNotFoundException: rpgem_alchemy:models/item/bone_of_maze.json
[20Feb2026 08:40:47.015] [Worker-Main-6/WARN] [net.minecraft.client.resources.model.ModelBakery/]: Unable to load model: 'rpgem_alchemy:item/cosmic_emerald' referenced from: rpgem_alchemy:item/cosmic_emerald: java.io.FileNotFoundException: rpgem_alchemy:models/item/cosmic_emerald.json
[20Feb2026 08:40:47.015] [Worker-Main-6/WARN] [net.minecraft.client.resources.model.ModelBakery/]: Unable to load model: 'rpgem_alchemy:item/piece_of_heart' referenced from: rpgem_alchemy:item/piece_of_heart: java.io.FileNotFoundException: rpgem_alchemy:models/item/piece_of_heart.json
[20Feb2026 08:40:47.018] [Worker-Main-6/WARN] [net.minecraft.client.resources.model.ModelBakery/]: Unable to load model: 'rpgem_alchemy:item/piece_of_bone' referenced from: rpgem_alchemy:item/piece_of_bone: java.io.FileNotFoundException: rpgem_alchemy:models/item/piece_of_bone.json
[20Feb2026 08:40:47.019] [Worker-Main-6/WARN] [net.minecraft.client.resources.model.ModelBakery/]: Unable to load model: 'rpgem_alchemy:item/zombie_heart' referenced from: rpgem_alchemy:item/zombie_heart: java.io.FileNotFoundException: rpgem_alchemy:models/item/zombie_heart.json
[20Feb2026 08:40:47.593] [Worker-Main-6/WARN] [net.minecraft.client.resources.model.ModelManager/]: Missing textures in model rpgem_forging:upgrade_stone_tier_3#inventory:
    minecraft:textures/atlas/blocks.png:rpgem_forging:item/upgrade_stone_tier_3
[20Feb2026 08:40:47.594] [Worker-Main-6/WARN] [net.minecraft.client.resources.model.ModelManager/]: Missing textures in model rpgem_forging:forged_stone_fortitude#inventory:
    minecraft:textures/atlas/blocks.png:rpgem_forging:item/forged_stone_fortitude
[20Feb2026 08:40:47.594] [Worker-Main-6/WARN] [net.minecraft.client.resources.model.ModelManager/]: Missing textures in model rpgem_forging:ancient_forge#inventory:
    minecraft:textures/atlas/blocks.png:rpgem_forging:block/ancient_forge
[20Feb2026 08:40:47.594] [Worker-Main-6/WARN] [net.minecraft.client.resources.model.ModelManager/]: Missing textures in model rpgem_forging:memory_fragment#inventory:
    minecraft:textures/atlas/blocks.png:rpgem_forging:item/memory_fragment
[20Feb2026 08:40:47.594] [Worker-Main-6/WARN] [net.minecraft.client.resources.model.ModelManager/]: Missing textures in model rpgem_forging:forged_stone_ultimate_destruction#inventory:
    minecraft:textures/atlas/blocks.png:rpgem_forging:item/forged_stone_ultimate_destruction
[20Feb2026 08:40:47.594] [Worker-Main-6/WARN] [net.minecraft.client.resources.model.ModelManager/]: Missing textures in model rpgem_forging:artisans_memory#inventory:
    minecraft:textures/atlas/blocks.png:rpgem_forging:item/artisans_memory
[20Feb2026 08:40:47.594] [Worker-Main-6/WARN] [net.minecraft.client.resources.model.ModelManager/]: Missing textures in model rpgem_forging:forged_stone_destruction#inventory:
    minecraft:textures/atlas/blocks.png:rpgem_forging:item/forged_stone_destruction
[20Feb2026 08:40:47.594] [Worker-Main-6/WARN] [net.minecraft.client.resources.model.ModelManager/]: Missing textures in model rpgem_forging:ancient_forge#:
    minecraft:textures/atlas/blocks.png:rpgem_forging:block/ancient_forge
[20Feb2026 08:40:47.594] [Worker-Main-6/WARN] [net.minecraft.client.resources.model.ModelManager/]: Missing textures in model rpgem_forging:forged_stone_ultimate_fortitude#inventory:
    minecraft:textures/atlas/blocks.png:rpgem_forging:item/forged_stone_ultimate_fortitude
[20Feb2026 08:40:47.594] [Worker-Main-6/WARN] [net.minecraft.client.resources.model.ModelManager/]: Missing textures in model rpgem_alchemy:alchemy_table#inventory:
    minecraft:textures/atlas/blocks.png:rpgem_alchemy:block/alchemy_table
[20Feb2026 08:40:47.594] [Worker-Main-6/WARN] [net.minecraft.client.resources.model.ModelManager/]: Missing textures in model rpgem_forging:protection_stone#inventory:
    minecraft:textures/atlas/blocks.png:rpgem_forging:item/protection_stone
[20Feb2026 08:40:47.594] [Worker-Main-6/WARN] [net.minecraft.client.resources.model.ModelManager/]: Missing textures in model rpgem_forging:forged_stone_agility#inventory:
    minecraft:textures/atlas/blocks.png:rpgem_forging:item/forged_stone_agility
[20Feb2026 08:40:47.594] [Worker-Main-6/WARN] [net.minecraft.client.resources.model.ModelManager/]: Missing textures in model rpgem_alchemy:alchemy_table#:
    minecraft:textures/atlas/blocks.png:rpgem_alchemy:block/alchemy_table
[20Feb2026 08:40:47.594] [Worker-Main-6/WARN] [net.minecraft.client.resources.model.ModelManager/]: Missing textures in model rpgem_forging:upgrade_stone_tier_1#inventory:
    minecraft:textures/atlas/blocks.png:rpgem_forging:item/upgrade_stone_tier_1
[20Feb2026 08:40:47.594] [Worker-Main-6/WARN] [net.minecraft.client.resources.model.ModelManager/]: Missing textures in model rpgem_forging:forged_stone_ultimate_agility#inventory:
    minecraft:textures/atlas/blocks.png:rpgem_forging:item/forged_stone_ultimate_agility
[20Feb2026 08:40:47.594] [Worker-Main-6/WARN] [net.minecraft.client.resources.model.ModelManager/]: Missing textures in model rpgem_forging:upgrade_stone_tier_2#inventory:
    minecraft:textures/atlas/blocks.png:rpgem_forging:item/upgrade_stone_tier_2
[20Feb2026 08:40:47.932] [Render thread/WARN] [net.minecraft.client.sounds.SoundEngine/]: Missing sound for event: minecraft:item.goat_horn.play
[20Feb2026 08:40:47.932] [Render thread/WARN] [net.minecraft.client.sounds.SoundEngine/]: Missing sound for event: minecraft:entity.goat.screaming.horn_break
[20Feb2026 08:40:49.711] [Render thread/INFO] [com.mojang.blaze3d.audio.Library/]: OpenAL initialized on device OpenAL Soft on Headphones (SUNDAY WOOD)
[20Feb2026 08:40:49.712] [Render thread/INFO] [net.minecraft.client.sounds.SoundEngine/SOUNDS]: Sound engine started
[20Feb2026 08:40:49.811] [Render thread/INFO] [net.minecraft.client.renderer.texture.TextureAtlas/]: Created: 1024x512x4 minecraft:textures/atlas/blocks.png-atlas
[20Feb2026 08:40:49.890] [Render thread/INFO] [net.minecraft.client.renderer.texture.TextureAtlas/]: Created: 256x256x4 minecraft:textures/atlas/signs.png-atlas
[20Feb2026 08:40:49.892] [Render thread/INFO] [net.minecraft.client.renderer.texture.TextureAtlas/]: Created: 512x512x4 minecraft:textures/atlas/shield_patterns.png-atlas
[20Feb2026 08:40:49.897] [Render thread/INFO] [net.minecraft.client.renderer.texture.TextureAtlas/]: Created: 512x512x4 minecraft:textures/atlas/banner_patterns.png-atlas
[20Feb2026 08:40:49.901] [Render thread/INFO] [net.minecraft.client.renderer.texture.TextureAtlas/]: Created: 1024x1024x4 minecraft:textures/atlas/armor_trims.png-atlas
[20Feb2026 08:40:49.939] [Render thread/INFO] [net.minecraft.client.renderer.texture.TextureAtlas/]: Created: 128x64x4 minecraft:textures/atlas/decorated_pot.png-atlas
[20Feb2026 08:40:49.941] [Render thread/INFO] [net.minecraft.client.renderer.texture.TextureAtlas/]: Created: 256x256x4 minecraft:textures/atlas/chest.png-atlas
[20Feb2026 08:40:49.944] [Render thread/INFO] [net.minecraft.client.renderer.texture.TextureAtlas/]: Created: 512x256x4 minecraft:textures/atlas/shulker_boxes.png-atlas
[20Feb2026 08:40:49.947] [Render thread/INFO] [net.minecraft.client.renderer.texture.TextureAtlas/]: Created: 512x256x4 minecraft:textures/atlas/beds.png-atlas
[20Feb2026 08:40:50.044] [Render thread/INFO] [net.minecraft.client.renderer.texture.TextureAtlas/]: Created: 512x256x0 minecraft:textures/atlas/particles.png-atlas
[20Feb2026 08:40:50.061] [Render thread/INFO] [net.minecraft.client.renderer.texture.TextureAtlas/]: Created: 512x256x0 minecraft:textures/atlas/paintings.png-atlas
[20Feb2026 08:40:50.066] [Render thread/INFO] [net.minecraft.client.renderer.texture.TextureAtlas/]: Created: 256x128x0 minecraft:textures/atlas/mob_effects.png-atlas
[20Feb2026 08:40:50.068] [Render thread/INFO] [net.minecraft.client.renderer.texture.TextureAtlas/]: Created: 64x64x0 minecraft:textures/atlas/map_decorations.png-atlas
[20Feb2026 08:40:50.070] [Render thread/INFO] [net.minecraft.client.renderer.texture.TextureAtlas/]: Created: 1024x512x0 minecraft:textures/atlas/gui.png-atlas
[20Feb2026 08:40:50.150] [Render thread/WARN] [net.minecraft.client.renderer.ShaderInstance/]: Shader rendertype_entity_translucent_emissive could not find sampler named Sampler2 in the specified shader program.
[20Feb2026 08:40:50.318] [Render thread/INFO] [net.neoforged.neoforge.client.entity.animation.json.AnimationLoader/]: Loaded 0 entity animations
[20Feb2026 08:40:50.318] [Render thread/INFO] [net.minecraft.client.renderer.texture.TextureAtlas/]: Created: 256x256x0 jei:textures/atlas/gui.png-atlas
[20Feb2026 08:40:57.983] [Render thread/INFO] [net.minecraft.world.item.crafting.RecipeManager/]: Loaded 1293 recipes
[20Feb2026 08:40:58.147] [Render thread/INFO] [net.minecraft.advancements.AdvancementTree/]: Loaded 1399 advancements
[20Feb2026 08:40:58.153] [Render thread/INFO] [Curios API/]: Loaded 10 curio slots
[20Feb2026 08:40:58.154] [Render thread/INFO] [Curios API/]: Loaded 1 curio entities
[20Feb2026 08:40:58.467] [Render thread/INFO] [mezz.jei.neoforge.startup.StartEventObserver/]: JEI StartEventObserver received class net.neoforged.neoforge.event.TagsUpdatedEvent too early, ignoring
[20Feb2026 08:40:58.545] [Server thread/INFO] [net.minecraft.client.server.IntegratedServer/]: Starting integrated minecraft server version 1.21.1
[20Feb2026 08:40:58.545] [Server thread/INFO] [net.minecraft.server.MinecraftServer/]: Generating keypair
[20Feb2026 08:40:58.830] [Server thread/INFO] [net.minecraft.server.MinecraftServer/]: Preparing start region for dimension minecraft:overworld
[20Feb2026 08:40:59.107] [progressListener/INFO] [net.minecraft.server.level.progress.LoggerChunkProgressListener/]: Preparing spawn area: 0%
[20Feb2026 08:40:59.147] [Server thread/INFO] [net.neoforged.neoforge.server.permission.PermissionAPI/]: Successfully initialized permission handler neoforge:default_handler
[20Feb2026 08:40:59.147] [progressListener/INFO] [net.minecraft.server.level.progress.LoggerChunkProgressListener/]: Time elapsed: 313 ms
[20Feb2026 08:40:59.245] [Server thread/INFO] [net.minecraft.client.server.IntegratedServer/]: Changing view distance to 12, from 10
[20Feb2026 08:40:59.245] [Server thread/INFO] [net.minecraft.client.server.IntegratedServer/]: Changing simulation distance to 12, from 0
[20Feb2026 08:40:59.832] [Render thread/INFO] [mezz.jei.neoforge.startup.StartEventObserver/]: JEI StartEventObserver received class net.neoforged.neoforge.event.TagsUpdatedEvent
[20Feb2026 08:41:00.045] [Server thread/INFO] [net.minecraft.server.players.PlayerList/]: Dev[local:E:936a8faf] logged in with entity id 2 at (1.699999988079071, -63.0, 15.648919922229753)
[20Feb2026 08:41:00.118] [Server thread/INFO] [net.minecraft.server.MinecraftServer/]: Dev joined the game
[20Feb2026 08:41:00.232] [Render thread/INFO] [mezz.jei.neoforge.startup.StartEventObserver/]: JEI StartEventObserver received class net.neoforged.neoforge.client.event.RecipesUpdatedEvent
[20Feb2026 08:41:00.232] [Render thread/INFO] [mezz.jei.neoforge.startup.StartEventObserver/]: JEI StartEventObserver transitioning state from LISTENING to JEI_STARTED
[20Feb2026 08:41:00.233] [Render thread/INFO] [mezz.jei.core.util.LoggedTimer/]: Starting JEI...
[20Feb2026 08:41:00.245] [Render thread/INFO] [mezz.jei.library.load.PluginCaller/]: Registering item subtypes...
[20Feb2026 08:41:00.251] [Render thread/INFO] [mezz.jei.library.load.PluginCaller/]: Registering item subtypes took 5.565 ms
[20Feb2026 08:41:00.252] [Render thread/INFO] [mezz.jei.library.load.PluginCaller/]: Registering fluid subtypes...
[20Feb2026 08:41:00.253] [Render thread/INFO] [mezz.jei.library.load.PluginCaller/]: Registering fluid subtypes took 1.525 ms
[20Feb2026 08:41:00.255] [Render thread/INFO] [mezz.jei.library.load.PluginCaller/]: Registering ingredients...
[20Feb2026 08:41:00.349] [Render thread/WARN] [mezz.jei.library.plugins.vanilla.ingredients.ItemStackListFactory/]: Item Group has no display items and no search tab display items. Items from this group will be missing from the JEI ingredient list. Operator Utilities
[20Feb2026 08:41:00.364] [Render thread/INFO] [mezz.jei.library.load.PluginCallerTimerRunnable/]: Registering ingredients: jei:minecraft took 108.1 milliseconds
[20Feb2026 08:41:00.365] [Render thread/INFO] [mezz.jei.library.load.PluginCaller/]: Registering ingredients took 109.1 ms
[20Feb2026 08:41:00.365] [Render thread/INFO] [mezz.jei.library.load.PluginCaller/]: Registering extra ingredients...
[20Feb2026 08:41:00.366] [Render thread/INFO] [mezz.jei.library.load.PluginCaller/]: Registering extra ingredients took 621.0 ?s
[20Feb2026 08:41:00.366] [Render thread/INFO] [mezz.jei.library.load.PluginCaller/]: Registering search ingredient aliases...
[20Feb2026 08:41:00.367] [Render thread/INFO] [mezz.jei.library.load.PluginCaller/]: Registering search ingredient aliases took 1.027 ms
[20Feb2026 08:41:00.387] [Render thread/INFO] [mezz.jei.library.load.PluginCaller/]: Registering Mod Info...
[20Feb2026 08:41:00.389] [Render thread/INFO] [mezz.jei.library.load.PluginCaller/]: Registering Mod Info took 906.6 ?s
[20Feb2026 08:41:00.412] [Render thread/INFO] [mezz.jei.library.load.PluginCaller/]: Registering categories...
[20Feb2026 08:41:00.434] [Render thread/INFO] [mezz.jei.library.load.PluginCallerTimerRunnable/]: Registering categories: jei:minecraft took 20.82 milliseconds
[20Feb2026 08:41:00.439] [Render thread/INFO] [mezz.jei.library.load.PluginCaller/]: Registering categories took 27.43 ms
[20Feb2026 08:41:00.441] [Render thread/INFO] [mezz.jei.library.load.PluginCaller/]: Registering vanilla category extensions...
[20Feb2026 08:41:00.444] [Render thread/INFO] [mezz.jei.library.load.PluginCaller/]: Registering vanilla category extensions took 2.880 ms
[20Feb2026 08:41:00.446] [Render thread/INFO] [mezz.jei.library.load.PluginCaller/]: Registering recipe catalysts...
[20Feb2026 08:41:00.447] [Render thread/INFO] [mezz.jei.library.load.PluginCaller/]: Registering recipe catalysts took 1.039 ms
[20Feb2026 08:41:00.448] [Render thread/INFO] [mezz.jei.core.util.LoggedTimer/]: Building recipe registry...
[20Feb2026 08:41:00.476] [Render thread/INFO] [mezz.jei.core.util.LoggedTimer/]: Building recipe registry took 28.97 ms
[20Feb2026 08:41:00.479] [Render thread/INFO] [mezz.jei.library.load.PluginCaller/]: Registering advanced plugins...
[20Feb2026 08:41:00.480] [Render thread/INFO] [mezz.jei.library.load.PluginCaller/]: Registering advanced plugins took 977.5 ?s
[20Feb2026 08:41:00.481] [Render thread/INFO] [mezz.jei.library.load.PluginCaller/]: Registering recipes...
[20Feb2026 08:41:00.656] [Render thread/INFO] [mezz.jei.library.load.PluginCallerTimerRunnable/]: Registering recipes: jei:minecraft took 175.0 milliseconds
[20Feb2026 08:41:00.715] [Render thread/INFO] [mezz.jei.library.load.PluginCallerTimerRunnable/]: Registering recipes: jei:internal took 57.16 milliseconds
[20Feb2026 08:41:00.716] [Render thread/INFO] [mezz.jei.library.load.PluginCaller/]: Registering recipes took 234.0 ms
[20Feb2026 08:41:00.728] [Render thread/INFO] [mezz.jei.library.load.PluginCaller/]: Registering recipes transfer handlers...
[20Feb2026 08:41:00.731] [Render thread/INFO] [mezz.jei.library.load.PluginCaller/]: Registering recipes transfer handlers took 4.011 ms
[20Feb2026 08:41:00.744] [Render thread/INFO] [mezz.jei.core.util.LoggedTimer/]: Building runtime...
[20Feb2026 08:41:00.747] [Render thread/INFO] [mezz.jei.library.load.PluginCaller/]: Registering gui handlers...
[20Feb2026 08:41:00.759] [Render thread/INFO] [mezz.jei.library.load.PluginCaller/]: Registering gui handlers took 12.39 ms
[20Feb2026 08:41:00.764] [Render thread/INFO] [mezz.jei.library.load.PluginCaller/]: Registering Runtime...
[20Feb2026 08:41:00.768] [Render thread/INFO] [mezz.jei.gui.startup.JeiGuiStarter/]: Starting JEI GUI
[20Feb2026 08:41:00.769] [Render thread/INFO] [mezz.jei.core.util.LoggedTimer/]: Building ingredient list...
[20Feb2026 08:41:00.797] [Render thread/INFO] [mezz.jei.core.util.LoggedTimer/]: Building ingredient list took 28.80 ms
[20Feb2026 08:41:00.798] [Render thread/INFO] [mezz.jei.core.util.LoggedTimer/]: Building ingredient filter...
[20Feb2026 08:41:00.852] [Render thread/INFO] [mezz.jei.gui.ingredients.IngredientFilter/]: Adding 1714 ingredients
[20Feb2026 08:41:01.165] [Render thread/INFO] [mezz.jei.gui.ingredients.IngredientFilter/]: Added 1714 ingredients
[20Feb2026 08:41:01.166] [Render thread/INFO] [mezz.jei.core.util.LoggedTimer/]: Building ingredient filter took 368.8 ms
[20Feb2026 08:41:01.252] [Render thread/INFO] [mezz.jei.library.load.PluginCallerTimerRunnable/]: Registering Runtime: jei:neoforge_gui took 487.2 milliseconds
[20Feb2026 08:41:01.254] [Render thread/INFO] [mezz.jei.library.load.PluginCaller/]: Registering Runtime took 488.9 ms
[20Feb2026 08:41:01.255] [Render thread/INFO] [mezz.jei.core.util.LoggedTimer/]: Building runtime took 510.6 ms
[20Feb2026 08:41:01.255] [Render thread/INFO] [mezz.jei.library.load.PluginCaller/]: Sending Runtime...
[20Feb2026 08:41:01.256] [Render thread/INFO] [mezz.jei.library.load.PluginCaller/]: Sending Runtime took 756.8 ?s
[20Feb2026 08:41:01.256] [Render thread/INFO] [mezz.jei.core.util.LoggedTimer/]: Starting JEI took 1.023 s
[20Feb2026 08:41:01.274] [Render thread/INFO] [net.minecraft.advancements.AdvancementTree/]: Loaded 4 advancements
[20Feb2026 08:41:21.610] [Render thread/WARN] [net.minecraft.client.renderer.texture.TextureManager/]: Failed to load texture: rpgem_alchemy:textures/entity/villager/profession/alchemist.png
java.io.FileNotFoundException: rpgem_alchemy:textures/entity/villager/profession/alchemist.png
	at TRANSFORMER/minecraft@1.21.1/net.minecraft.server.packs.resources.ResourceProvider.lambda$getResourceOrThrow$1(ResourceProvider.java:18) ~[neoforge-21.1.217.jar%23195!/:?]
	at java.base/java.util.Optional.orElseThrow(Optional.java:403) ~[?:?]
	at TRANSFORMER/minecraft@1.21.1/net.minecraft.server.packs.resources.ResourceProvider.getResourceOrThrow(ResourceProvider.java:18) ~[neoforge-21.1.217.jar%23195!/:?]
	at TRANSFORMER/geckolib@4.7/software.bernie.geckolib.cache.texture.AnimatableTexture.load(AnimatableTexture.java:40) ~[geckolib-neoforge-1.21.1-4.7.jar%23202!/:4.7]
	at TRANSFORMER/minecraft@1.21.1/net.minecraft.client.renderer.texture.TextureManager.loadTexture(TextureManager.java:92) ~[neoforge-21.1.217.jar%23195!/:?]
	at TRANSFORMER/minecraft@1.21.1/net.minecraft.client.renderer.texture.TextureManager.register(TextureManager.java:63) ~[neoforge-21.1.217.jar%23195!/:?]
	at TRANSFORMER/minecraft@1.21.1/net.minecraft.client.renderer.texture.TextureManager.wrapOperation$zzp000$geckolib$replaceAnimatableTexture(TextureManager.java:531) ~[neoforge-21.1.217.jar%23195!/:?]
	at TRANSFORMER/minecraft@1.21.1/net.minecraft.client.renderer.texture.TextureManager.getTexture(TextureManager.java:112) ~[neoforge-21.1.217.jar%23195!/:?]
	at TRANSFORMER/minecraft@1.21.1/net.minecraft.client.renderer.RenderStateShard$TextureStateShard.lambda$new$0(RenderStateShard.java:620) ~[neoforge-21.1.217.jar%23195!/:?]
	at TRANSFORMER/minecraft@1.21.1/net.minecraft.client.renderer.RenderStateShard.setupRenderState(RenderStateShard.java:365) ~[neoforge-21.1.217.jar%23195!/:?]
	at MC-BOOTSTRAP/com.google.common@32.1.2-jre/com.google.common.collect.ImmutableList.forEach(ImmutableList.java:422) ~[guava-32.1.2-jre.jar%23117!/:?]
	at TRANSFORMER/minecraft@1.21.1/net.minecraft.client.renderer.RenderType$CompositeRenderType.lambda$new$1(RenderType.java:1227) ~[neoforge-21.1.217.jar%23195!/:?]
	at TRANSFORMER/minecraft@1.21.1/net.minecraft.client.renderer.RenderStateShard.setupRenderState(RenderStateShard.java:365) ~[neoforge-21.1.217.jar%23195!/:?]
	at TRANSFORMER/minecraft@1.21.1/net.minecraft.client.renderer.RenderType.draw(RenderType.java:1144) ~[neoforge-21.1.217.jar%23195!/:?]
	at TRANSFORMER/minecraft@1.21.1/net.minecraft.client.renderer.MultiBufferSource$BufferSource.endBatch(MultiBufferSource.java:99) ~[neoforge-21.1.217.jar%23195!/:?]
	at TRANSFORMER/minecraft@1.21.1/net.minecraft.client.renderer.MultiBufferSource$BufferSource.endBatch(MultiBufferSource.java:87) ~[neoforge-21.1.217.jar%23195!/:?]
	at TRANSFORMER/minecraft@1.21.1/net.minecraft.client.renderer.MultiBufferSource$BufferSource.getBuffer(MultiBufferSource.java:57) ~[neoforge-21.1.217.jar%23195!/:?]
	at TRANSFORMER/minecraft@1.21.1/net.minecraft.client.renderer.entity.layers.RenderLayer.renderColoredCutoutModel(RenderLayer.java:51) ~[neoforge-21.1.217.jar%23195!/:?]
	at TRANSFORMER/minecraft@1.21.1/net.minecraft.client.renderer.entity.layers.VillagerProfessionLayer.render(VillagerProfessionLayer.java:85) ~[neoforge-21.1.217.jar%23195!/:?]
	at TRANSFORMER/minecraft@1.21.1/net.minecraft.client.renderer.entity.layers.VillagerProfessionLayer.render(VillagerProfessionLayer.java:30) ~[neoforge-21.1.217.jar%23195!/:?]
	at TRANSFORMER/minecraft@1.21.1/net.minecraft.client.renderer.entity.LivingEntityRenderer.render(LivingEntityRenderer.java:133) ~[neoforge-21.1.217.jar%23195!/:?]
	at TRANSFORMER/minecraft@1.21.1/net.minecraft.client.renderer.entity.LivingEntityRenderer.render(LivingEntityRenderer.java:30) ~[neoforge-21.1.217.jar%23195!/:?]
	at TRANSFORMER/minecraft@1.21.1/net.minecraft.client.renderer.entity.EntityRenderDispatcher.render(EntityRenderDispatcher.java:162) ~[neoforge-21.1.217.jar%23195!/:?]
	at TRANSFORMER/minecraft@1.21.1/net.minecraft.client.renderer.LevelRenderer.renderEntity(LevelRenderer.java:1267) ~[neoforge-21.1.217.jar%23195!/:?]
	at TRANSFORMER/minecraft@1.21.1/net.minecraft.client.renderer.LevelRenderer.renderLevel(LevelRenderer.java:1041) ~[neoforge-21.1.217.jar%23195!/:?]
	at TRANSFORMER/minecraft@1.21.1/net.minecraft.client.renderer.GameRenderer.renderLevel(GameRenderer.java:1277) ~[neoforge-21.1.217.jar%23195!/:?]
	at TRANSFORMER/minecraft@1.21.1/net.minecraft.client.renderer.GameRenderer.render(GameRenderer.java:1030) ~[neoforge-21.1.217.jar%23195!/:?]
	at TRANSFORMER/minecraft@1.21.1/net.minecraft.client.Minecraft.runTick(Minecraft.java:1201) ~[neoforge-21.1.217.jar%23195!/:?]
	at TRANSFORMER/minecraft@1.21.1/net.minecraft.client.Minecraft.run(Minecraft.java:813) ~[neoforge-21.1.217.jar%23195!/:?]
	at TRANSFORMER/minecraft@1.21.1/net.minecraft.client.main.Main.main(Main.java:230) ~[neoforge-21.1.217.jar%23195!/:?]
	at java.base/jdk.internal.reflect.DirectMethodHandleAccessor.invoke(DirectMethodHandleAccessor.java:103) ~[?:?]
	at java.base/java.lang.reflect.Method.invoke(Method.java:580) ~[?:?]
	at MC-BOOTSTRAP/fml_loader@4.0.42/net.neoforged.fml.loading.targets.CommonLaunchHandler.runTarget(CommonLaunchHandler.java:136) ~[loader-4.0.42.jar%23150!/:4.0]
	at MC-BOOTSTRAP/fml_loader@4.0.42/net.neoforged.fml.loading.targets.CommonLaunchHandler.clientService(CommonLaunchHandler.java:124) ~[loader-4.0.42.jar%23150!/:4.0]
	at MC-BOOTSTRAP/fml_loader@4.0.42/net.neoforged.fml.loading.targets.NeoForgeClientDevLaunchHandler.runService(NeoForgeClientDevLaunchHandler.java:23) ~[loader-4.0.42.jar%23150!/:4.0]
	at MC-BOOTSTRAP/fml_loader@4.0.42/net.neoforged.fml.loading.targets.CommonLaunchHandler.lambda$launchService$4(CommonLaunchHandler.java:118) ~[loader-4.0.42.jar%23150!/:4.0]
	at MC-BOOTSTRAP/cpw.mods.modlauncher@11.0.5/cpw.mods.modlauncher.LaunchServiceHandlerDecorator.launch(LaunchServiceHandlerDecorator.java:30) [modlauncher-11.0.5.jar%23132!/:?]
	at MC-BOOTSTRAP/cpw.mods.modlauncher@11.0.5/cpw.mods.modlauncher.LaunchServiceHandler.launch(LaunchServiceHandler.java:53) [modlauncher-11.0.5.jar%23132!/:?]
	at MC-BOOTSTRAP/cpw.mods.modlauncher@11.0.5/cpw.mods.modlauncher.LaunchServiceHandler.launch(LaunchServiceHandler.java:71) [modlauncher-11.0.5.jar%23132!/:?]
	at MC-BOOTSTRAP/cpw.mods.modlauncher@11.0.5/cpw.mods.modlauncher.Launcher.run(Launcher.java:103) [modlauncher-11.0.5.jar%23132!/:?]
	at MC-BOOTSTRAP/cpw.mods.modlauncher@11.0.5/cpw.mods.modlauncher.Launcher.main(Launcher.java:74) [modlauncher-11.0.5.jar%23132!/:?]
	at MC-BOOTSTRAP/cpw.mods.modlauncher@11.0.5/cpw.mods.modlauncher.BootstrapLaunchConsumer.accept(BootstrapLaunchConsumer.java:26) [modlauncher-11.0.5.jar%23132!/:?]
	at MC-BOOTSTRAP/cpw.mods.modlauncher@11.0.5/cpw.mods.modlauncher.BootstrapLaunchConsumer.accept(BootstrapLaunchConsumer.java:23) [modlauncher-11.0.5.jar%23132!/:?]
	at cpw.mods.bootstraplauncher@2.0.2/cpw.mods.bootstraplauncher.BootstrapLauncher.run(BootstrapLauncher.java:210) [bootstraplauncher-2.0.2.jar:?]
	at cpw.mods.bootstraplauncher@2.0.2/cpw.mods.bootstraplauncher.BootstrapLauncher.main(BootstrapLauncher.java:69) [bootstraplauncher-2.0.2.jar:?]
[20Feb2026 08:41:21.611] [Render thread/WARN] [net.minecraft.client.renderer.texture.TextureManager/]: Failed to load texture: rpgem_alchemy:textures/entity/villager/profession/alchemist.png
java.io.FileNotFoundException: rpgem_alchemy:textures/entity/villager/profession/alchemist.png
	at TRANSFORMER/minecraft@1.21.1/net.minecraft.server.packs.resources.ResourceProvider.lambda$getResourceOrThrow$1(ResourceProvider.java:18) ~[neoforge-21.1.217.jar%23195!/:?]
	at java.base/java.util.Optional.orElseThrow(Optional.java:403) ~[?:?]
	at TRANSFORMER/minecraft@1.21.1/net.minecraft.server.packs.resources.ResourceProvider.getResourceOrThrow(ResourceProvider.java:18) ~[neoforge-21.1.217.jar%23195!/:?]
	at TRANSFORMER/minecraft@1.21.1/net.minecraft.client.renderer.texture.SimpleTexture$TextureImage.load(SimpleTexture.java:83) ~[neoforge-21.1.217.jar%23195!/:?]
	at TRANSFORMER/minecraft@1.21.1/net.minecraft.client.renderer.texture.SimpleTexture.getTextureImage(SimpleTexture.java:57) ~[neoforge-21.1.217.jar%23195!/:?]
	at TRANSFORMER/minecraft@1.21.1/net.minecraft.client.renderer.texture.SimpleTexture.load(SimpleTexture.java:30) ~[neoforge-21.1.217.jar%23195!/:?]
	at TRANSFORMER/minecraft@1.21.1/net.minecraft.client.renderer.texture.TextureManager.loadTexture(TextureManager.java:92) ~[neoforge-21.1.217.jar%23195!/:?]
	at TRANSFORMER/minecraft@1.21.1/net.minecraft.client.renderer.texture.TextureManager.register(TextureManager.java:63) ~[neoforge-21.1.217.jar%23195!/:?]
	at TRANSFORMER/minecraft@1.21.1/net.minecraft.client.renderer.texture.TextureManager.getTexture(TextureManager.java:113) ~[neoforge-21.1.217.jar%23195!/:?]
	at TRANSFORMER/minecraft@1.21.1/net.minecraft.client.renderer.RenderStateShard$TextureStateShard.lambda$new$0(RenderStateShard.java:620) ~[neoforge-21.1.217.jar%23195!/:?]
	at TRANSFORMER/minecraft@1.21.1/net.minecraft.client.renderer.RenderStateShard.setupRenderState(RenderStateShard.java:365) ~[neoforge-21.1.217.jar%23195!/:?]
	at MC-BOOTSTRAP/com.google.common@32.1.2-jre/com.google.common.collect.ImmutableList.forEach(ImmutableList.java:422) ~[guava-32.1.2-jre.jar%23117!/:?]
	at TRANSFORMER/minecraft@1.21.1/net.minecraft.client.renderer.RenderType$CompositeRenderType.lambda$new$1(RenderType.java:1227) ~[neoforge-21.1.217.jar%23195!/:?]
	at TRANSFORMER/minecraft@1.21.1/net.minecraft.client.renderer.RenderStateShard.setupRenderState(RenderStateShard.java:365) ~[neoforge-21.1.217.jar%23195!/:?]
	at TRANSFORMER/minecraft@1.21.1/net.minecraft.client.renderer.RenderType.draw(RenderType.java:1144) ~[neoforge-21.1.217.jar%23195!/:?]
	at TRANSFORMER/minecraft@1.21.1/net.minecraft.client.renderer.MultiBufferSource$BufferSource.endBatch(MultiBufferSource.java:99) ~[neoforge-21.1.217.jar%23195!/:?]
	at TRANSFORMER/minecraft@1.21.1/net.minecraft.client.renderer.MultiBufferSource$BufferSource.endBatch(MultiBufferSource.java:87) ~[neoforge-21.1.217.jar%23195!/:?]
	at TRANSFORMER/minecraft@1.21.1/net.minecraft.client.renderer.MultiBufferSource$BufferSource.getBuffer(MultiBufferSource.java:57) ~[neoforge-21.1.217.jar%23195!/:?]
	at TRANSFORMER/minecraft@1.21.1/net.minecraft.client.renderer.entity.layers.RenderLayer.renderColoredCutoutModel(RenderLayer.java:51) ~[neoforge-21.1.217.jar%23195!/:?]
	at TRANSFORMER/minecraft@1.21.1/net.minecraft.client.renderer.entity.layers.VillagerProfessionLayer.render(VillagerProfessionLayer.java:85) ~[neoforge-21.1.217.jar%23195!/:?]
	at TRANSFORMER/minecraft@1.21.1/net.minecraft.client.renderer.entity.layers.VillagerProfessionLayer.render(VillagerProfessionLayer.java:30) ~[neoforge-21.1.217.jar%23195!/:?]
	at TRANSFORMER/minecraft@1.21.1/net.minecraft.client.renderer.entity.LivingEntityRenderer.render(LivingEntityRenderer.java:133) ~[neoforge-21.1.217.jar%23195!/:?]
	at TRANSFORMER/minecraft@1.21.1/net.minecraft.client.renderer.entity.LivingEntityRenderer.render(LivingEntityRenderer.java:30) ~[neoforge-21.1.217.jar%23195!/:?]
	at TRANSFORMER/minecraft@1.21.1/net.minecraft.client.renderer.entity.EntityRenderDispatcher.render(EntityRenderDispatcher.java:162) ~[neoforge-21.1.217.jar%23195!/:?]
	at TRANSFORMER/minecraft@1.21.1/net.minecraft.client.renderer.LevelRenderer.renderEntity(LevelRenderer.java:1267) ~[neoforge-21.1.217.jar%23195!/:?]
	at TRANSFORMER/minecraft@1.21.1/net.minecraft.client.renderer.LevelRenderer.renderLevel(LevelRenderer.java:1041) ~[neoforge-21.1.217.jar%23195!/:?]
	at TRANSFORMER/minecraft@1.21.1/net.minecraft.client.renderer.GameRenderer.renderLevel(GameRenderer.java:1277) ~[neoforge-21.1.217.jar%23195!/:?]
	at TRANSFORMER/minecraft@1.21.1/net.minecraft.client.renderer.GameRenderer.render(GameRenderer.java:1030) ~[neoforge-21.1.217.jar%23195!/:?]
	at TRANSFORMER/minecraft@1.21.1/net.minecraft.client.Minecraft.runTick(Minecraft.java:1201) ~[neoforge-21.1.217.jar%23195!/:?]
	at TRANSFORMER/minecraft@1.21.1/net.minecraft.client.Minecraft.run(Minecraft.java:813) ~[neoforge-21.1.217.jar%23195!/:?]
	at TRANSFORMER/minecraft@1.21.1/net.minecraft.client.main.Main.main(Main.java:230) ~[neoforge-21.1.217.jar%23195!/:?]
	at java.base/jdk.internal.reflect.DirectMethodHandleAccessor.invoke(DirectMethodHandleAccessor.java:103) ~[?:?]
	at java.base/java.lang.reflect.Method.invoke(Method.java:580) ~[?:?]
	at MC-BOOTSTRAP/fml_loader@4.0.42/net.neoforged.fml.loading.targets.CommonLaunchHandler.runTarget(CommonLaunchHandler.java:136) ~[loader-4.0.42.jar%23150!/:4.0]
	at MC-BOOTSTRAP/fml_loader@4.0.42/net.neoforged.fml.loading.targets.CommonLaunchHandler.clientService(CommonLaunchHandler.java:124) ~[loader-4.0.42.jar%23150!/:4.0]
	at MC-BOOTSTRAP/fml_loader@4.0.42/net.neoforged.fml.loading.targets.NeoForgeClientDevLaunchHandler.runService(NeoForgeClientDevLaunchHandler.java:23) ~[loader-4.0.42.jar%23150!/:4.0]
	at MC-BOOTSTRAP/fml_loader@4.0.42/net.neoforged.fml.loading.targets.CommonLaunchHandler.lambda$launchService$4(CommonLaunchHandler.java:118) ~[loader-4.0.42.jar%23150!/:4.0]
	at MC-BOOTSTRAP/cpw.mods.modlauncher@11.0.5/cpw.mods.modlauncher.LaunchServiceHandlerDecorator.launch(LaunchServiceHandlerDecorator.java:30) [modlauncher-11.0.5.jar%23132!/:?]
	at MC-BOOTSTRAP/cpw.mods.modlauncher@11.0.5/cpw.mods.modlauncher.LaunchServiceHandler.launch(LaunchServiceHandler.java:53) [modlauncher-11.0.5.jar%23132!/:?]
	at MC-BOOTSTRAP/cpw.mods.modlauncher@11.0.5/cpw.mods.modlauncher.LaunchServiceHandler.launch(LaunchServiceHandler.java:71) [modlauncher-11.0.5.jar%23132!/:?]
	at MC-BOOTSTRAP/cpw.mods.modlauncher@11.0.5/cpw.mods.modlauncher.Launcher.run(Launcher.java:103) [modlauncher-11.0.5.jar%23132!/:?]
	at MC-BOOTSTRAP/cpw.mods.modlauncher@11.0.5/cpw.mods.modlauncher.Launcher.main(Launcher.java:74) [modlauncher-11.0.5.jar%23132!/:?]
	at MC-BOOTSTRAP/cpw.mods.modlauncher@11.0.5/cpw.mods.modlauncher.BootstrapLaunchConsumer.accept(BootstrapLaunchConsumer.java:26) [modlauncher-11.0.5.jar%23132!/:?]
	at MC-BOOTSTRAP/cpw.mods.modlauncher@11.0.5/cpw.mods.modlauncher.BootstrapLaunchConsumer.accept(BootstrapLaunchConsumer.java:23) [modlauncher-11.0.5.jar%23132!/:?]
	at cpw.mods.bootstraplauncher@2.0.2/cpw.mods.bootstraplauncher.BootstrapLauncher.run(BootstrapLauncher.java:210) [bootstraplauncher-2.0.2.jar:?]
	at cpw.mods.bootstraplauncher@2.0.2/cpw.mods.bootstraplauncher.BootstrapLauncher.main(BootstrapLauncher.java:69) [bootstraplauncher-2.0.2.jar:?]
[20Feb2026 08:41:25.397] [Server thread/INFO] [net.minecraft.server.MinecraftServer/]: Dev has made the advancement [Sweet Dreams]
[20Feb2026 08:41:25.411] [Render thread/INFO] [net.minecraft.client.gui.components.ChatComponent/]: [System] [CHAT] Respawn point set
[20Feb2026 08:41:25.416] [Render thread/INFO] [net.minecraft.client.gui.components.ChatComponent/]: [System] [CHAT] Dev has made the advancement [Sweet Dreams]
[20Feb2026 08:41:25.417] [Render thread/INFO] [net.minecraft.advancements.AdvancementTree/]: Loaded 9 advancements
[20Feb2026 08:41:30.500] [Server thread/INFO] [net.minecraft.client.server.IntegratedServer/]: Saving and pausing game...
[20Feb2026 08:41:30.530] [Server thread/INFO] [net.minecraft.server.MinecraftServer/]: Saving chunks for level 'ServerLevel[New World]'/minecraft:overworld
[20Feb2026 08:41:30.566] [Server thread/INFO] [net.minecraft.server.MinecraftServer/]: Saving chunks for level 'ServerLevel[New World]'/minecraft:the_nether
[20Feb2026 08:41:30.567] [Server thread/INFO] [net.minecraft.server.MinecraftServer/]: Saving chunks for level 'ServerLevel[New World]'/minecraft:the_end
[20Feb2026 08:41:48.906] [Render thread/INFO] [net.minecraft.advancements.AdvancementTree/]: Loaded 10 advancements
[20Feb2026 08:41:52.193] [Server thread/INFO] [net.minecraft.server.MinecraftServer/]: Dev has made the advancement [What a Deal!]
[20Feb2026 08:41:52.208] [Render thread/INFO] [net.minecraft.client.gui.components.ChatComponent/]: [System] [CHAT] Dev has made the advancement [What a Deal!]
[20Feb2026 08:41:52.225] [Render thread/INFO] [net.minecraft.advancements.AdvancementTree/]: Loaded 13 advancements
[20Feb2026 08:41:55.307] [Render thread/INFO] [net.minecraft.advancements.AdvancementTree/]: Loaded 14 advancements
[20Feb2026 08:43:09.658] [Render thread/INFO] [net.minecraft.advancements.AdvancementTree/]: Loaded 15 advancements
[20Feb2026 08:43:11.106] [Render thread/INFO] [net.minecraft.advancements.AdvancementTree/]: Loaded 16 advancements
[20Feb2026 08:53:49.750] [Server thread/INFO] [net.minecraft.client.server.IntegratedServer/]: Saving and pausing game...
[20Feb2026 08:53:49.771] [Server thread/INFO] [net.minecraft.server.MinecraftServer/]: Saving chunks for level 'ServerLevel[New World]'/minecraft:overworld
[20Feb2026 08:53:49.779] [Server thread/INFO] [net.minecraft.server.MinecraftServer/]: Saving chunks for level 'ServerLevel[New World]'/minecraft:the_nether
[20Feb2026 08:53:49.779] [Server thread/INFO] [net.minecraft.server.MinecraftServer/]: Saving chunks for level 'ServerLevel[New World]'/minecraft:the_end
[20Feb2026 08:53:54.849] [Render thread/INFO] [mezz.jei.neoforge.startup.StartEventObserver/]: JEI StartEventObserver received class net.neoforged.neoforge.client.event.ClientPlayerNetworkEvent$LoggingOut
[20Feb2026 08:53:54.851] [Render thread/INFO] [mezz.jei.neoforge.startup.StartEventObserver/]: JEI StartEventObserver transitioning state from JEI_STARTED to LISTENING
[20Feb2026 08:53:54.852] [Render thread/INFO] [mezz.jei.library.startup.JeiStarter/]: Stopping JEI
[20Feb2026 08:53:54.853] [Render thread/INFO] [mezz.jei.library.load.PluginCaller/]: Sending Runtime Unavailable...
[20Feb2026 08:53:54.855] [Render thread/INFO] [mezz.jei.neoforge.plugins.neoforge.NeoForgeGuiPlugin/]: Stopping JEI GUI
[20Feb2026 08:53:54.865] [Render thread/INFO] [mezz.jei.library.load.PluginCaller/]: Sending Runtime Unavailable took 9.508 ms
[20Feb2026 08:53:54.905] [Server thread/INFO] [net.minecraft.server.network.ServerGamePacketListenerImpl/]: Dev lost connection: Disconnected
[20Feb2026 08:53:54.906] [Server thread/INFO] [net.minecraft.server.MinecraftServer/]: Dev left the game
[20Feb2026 08:53:54.921] [Server thread/INFO] [net.minecraft.server.network.ServerCommonPacketListenerImpl/]: Stopping singleplayer server as player logged out
[20Feb2026 08:53:54.972] [Server thread/INFO] [net.minecraft.server.MinecraftServer/]: Stopping server
[20Feb2026 08:53:54.974] [Server thread/INFO] [net.minecraft.server.MinecraftServer/]: Saving players
[20Feb2026 08:53:54.974] [Server thread/INFO] [net.minecraft.server.MinecraftServer/]: Saving worlds
[20Feb2026 08:53:55.354] [Server thread/INFO] [net.minecraft.server.MinecraftServer/]: Saving chunks for level 'ServerLevel[New World]'/minecraft:overworld
[20Feb2026 08:53:55.494] [Server thread/INFO] [net.minecraft.server.MinecraftServer/]: Saving chunks for level 'ServerLevel[New World]'/minecraft:the_nether
[20Feb2026 08:53:55.501] [Server thread/INFO] [net.minecraft.server.MinecraftServer/]: Saving chunks for level 'ServerLevel[New World]'/minecraft:the_end
[20Feb2026 08:53:55.533] [Server thread/INFO] [net.minecraft.server.MinecraftServer/]: ThreadedAnvilChunkStorage (New World): All chunks are saved
[20Feb2026 08:53:55.534] [Server thread/INFO] [net.minecraft.server.MinecraftServer/]: ThreadedAnvilChunkStorage (DIM-1): All chunks are saved
[20Feb2026 08:53:55.534] [Server thread/INFO] [net.minecraft.server.MinecraftServer/]: ThreadedAnvilChunkStorage (DIM1): All chunks are saved
[20Feb2026 08:53:55.534] [Server thread/INFO] [net.minecraft.server.MinecraftServer/]: ThreadedAnvilChunkStorage: All dimensions are saved
[20Feb2026 08:53:55.841] [Render thread/ERROR] [net.minecraft.Util/]: Entity rpgem_fairy:fairy has no attributes
[20Feb2026 08:53:57.036] [Render thread/INFO] [net.minecraft.client.Minecraft/]: Stopping!
